Apr 14, 2015 12:01:31 AM org.apache.catalina.core.StandardWrapperValve invoke
SEVERE: Servlet.service() for servlet jsp threw exception
java.lang.RuntimeException: org.postgresql.util.PSQLException: ResultSet not positioned properly, perhaps you need to call next.
	at photoshare.NewFriendDao.getName(NewFriendDao.java:60)
	at org.apache.jsp.friendList_jsp._jspService(org.apache.jsp.friendList_jsp:77)
	at org.apache.jasper.runtime.HttpJspBase.service(HttpJspBase.java:97)
	at javax.servlet.http.HttpServlet.service(HttpServlet.java:802)
	at org.apache.jasper.servlet.JspServletWrapper.service(JspServletWrapper.java:332)
	at org.apache.jasper.servlet.JspServlet.serviceJspFile(JspServlet.java:314)
	at org.apache.jasper.servlet.JspServlet.service(JspServlet.java:264)
	at javax.servlet.http.HttpServlet.service(HttpServlet.java:802)
	at org.apache.catalina.core.ApplicationFilterChain.internalDoFilter(ApplicationFilterChain.java:252)
	at org.apache.catalina.core.ApplicationFilterChain.doFilter(ApplicationFilterChain.java:173)
	at org.apache.catalina.core.StandardWrapperValve.invoke(StandardWrapperValve.java:213)
	at org.apache.catalina.core.StandardContextValve.invoke(StandardContextValve.java:178)
	at org.apache.catalina.authenticator.AuthenticatorBase.invoke(AuthenticatorBase.java:524)
	at org.apache.catalina.core.StandardHostValve.invoke(StandardHostValve.java:126)
	at org.apache.catalina.valves.ErrorReportValve.invoke(ErrorReportValve.java:105)
	at org.apache.catalina.core.StandardEngineValve.invoke(StandardEngineValve.java:107)
	at org.apache.catalina.connector.CoyoteAdapter.service(CoyoteAdapter.java:148)
	at org.apache.coyote.http11.Http11Processor.process(Http11Processor.java:869)
	at org.apache.coyote.http11.Http11BaseProtocol$Http11ConnectionHandler.processConnection(Http11BaseProtocol.java:667)
	at org.apache.tomcat.util.net.PoolTcpEndpoint.processSocket(PoolTcpEndpoint.java:527)
	at org.apache.tomcat.util.net.LeaderFollowerWorkerThread.runIt(LeaderFollowerWorkerThread.java:80)
	at org.apache.tomcat.util.threads.ThreadPool$ControlRunnable.run(ThreadPool.java:684)
	at java.lang.Thread.run(Thread.java:695)
Caused by: org.postgresql.util.PSQLException: ResultSet not positioned properly, perhaps you need to call next.
	at org.postgresql.jdbc2.AbstractJdbc2ResultSet.checkResultSet(AbstractJdbc2ResultSet.java:2452)
	at org.postgresql.jdbc2.AbstractJdbc2ResultSet.getString(AbstractJdbc2ResultSet.java:1882)
	at org.apache.tomcat.dbcp.dbcp.DelegatingResultSet.getString(DelegatingResultSet.java:174)
	at photoshare.NewFriendDao.getName(NewFriendDao.java:47)
	... 22 more
Apr 14, 2015 12:07:14 AM org.apache.catalina.core.StandardWrapperValve invoke
SEVERE: Servlet.service() for servlet jsp threw exception
org.apache.jasper.JasperException: Unable to compile class for JSP

An error occurred at line: 15 in the jsp file: /friendList.jsp
Generated servlet error:
Syntax error, insert ";" to complete Statement


	at org.apache.jasper.compiler.DefaultErrorHandler.javacError(DefaultErrorHandler.java:84)
	at org.apache.jasper.compiler.ErrorDispatcher.javacError(ErrorDispatcher.java:328)
	at org.apache.jasper.compiler.JDTCompiler.generateClass(JDTCompiler.java:409)
	at org.apache.jasper.compiler.Compiler.compile(Compiler.java:297)
	at org.apache.jasper.compiler.Compiler.compile(Compiler.java:276)
	at org.apache.jasper.compiler.Compiler.compile(Compiler.java:264)
	at org.apache.jasper.JspCompilationContext.compile(JspCompilationContext.java:563)
	at org.apache.jasper.servlet.JspServletWrapper.service(JspServletWrapper.java:303)
	at org.apache.jasper.servlet.JspServlet.serviceJspFile(JspServlet.java:314)
	at org.apache.jasper.servlet.JspServlet.service(JspServlet.java:264)
	at javax.servlet.http.HttpServlet.service(HttpServlet.java:802)
	at org.apache.catalina.core.ApplicationFilterChain.internalDoFilter(ApplicationFilterChain.java:252)
	at org.apache.catalina.core.ApplicationFilterChain.doFilter(ApplicationFilterChain.java:173)
	at org.apache.catalina.core.StandardWrapperValve.invoke(StandardWrapperValve.java:213)
	at org.apache.catalina.core.StandardContextValve.invoke(StandardContextValve.java:178)
	at org.apache.catalina.authenticator.AuthenticatorBase.invoke(AuthenticatorBase.java:524)
	at org.apache.catalina.core.StandardHostValve.invoke(StandardHostValve.java:126)
	at org.apache.catalina.valves.ErrorReportValve.invoke(ErrorReportValve.java:105)
	at org.apache.catalina.core.StandardEngineValve.invoke(StandardEngineValve.java:107)
	at org.apache.catalina.connector.CoyoteAdapter.service(CoyoteAdapter.java:148)
	at org.apache.coyote.http11.Http11Processor.process(Http11Processor.java:869)
	at org.apache.coyote.http11.Http11BaseProtocol$Http11ConnectionHandler.processConnection(Http11BaseProtocol.java:667)
	at org.apache.tomcat.util.net.PoolTcpEndpoint.processSocket(PoolTcpEndpoint.java:527)
	at org.apache.tomcat.util.net.LeaderFollowerWorkerThread.runIt(LeaderFollowerWorkerThread.java:80)
	at org.apache.tomcat.util.threads.ThreadPool$ControlRunnable.run(ThreadPool.java:684)
	at java.lang.Thread.run(Thread.java:695)
Apr 14, 2015 12:24:56 AM org.apache.catalina.core.StandardWrapperValve invoke
SEVERE: Servlet.service() for servlet jsp threw exception
java.lang.AbstractMethodError: org.apache.tomcat.dbcp.dbcp.PoolingDataSource$PoolGuardConnectionWrapper.createSQLXML()Ljava/sql/SQLXML;
	at photoshare.NewFriendDao.getName(NewFriendDao.java:39)
	at org.apache.jsp.friendList_jsp._jspService(org.apache.jsp.friendList_jsp:77)
	at org.apache.jasper.runtime.HttpJspBase.service(HttpJspBase.java:97)
	at javax.servlet.http.HttpServlet.service(HttpServlet.java:802)
	at org.apache.jasper.servlet.JspServletWrapper.service(JspServletWrapper.java:332)
	at org.apache.jasper.servlet.JspServlet.serviceJspFile(JspServlet.java:314)
	at org.apache.jasper.servlet.JspServlet.service(JspServlet.java:264)
	at javax.servlet.http.HttpServlet.service(HttpServlet.java:802)
	at org.apache.catalina.core.ApplicationFilterChain.internalDoFilter(ApplicationFilterChain.java:252)
	at org.apache.catalina.core.ApplicationFilterChain.doFilter(ApplicationFilterChain.java:173)
	at org.apache.catalina.core.StandardWrapperValve.invoke(StandardWrapperValve.java:213)
	at org.apache.catalina.core.StandardContextValve.invoke(StandardContextValve.java:178)
	at org.apache.catalina.authenticator.AuthenticatorBase.invoke(AuthenticatorBase.java:524)
	at org.apache.catalina.core.StandardHostValve.invoke(StandardHostValve.java:126)
	at org.apache.catalina.valves.ErrorReportValve.invoke(ErrorReportValve.java:105)
	at org.apache.catalina.core.StandardEngineValve.invoke(StandardEngineValve.java:107)
	at org.apache.catalina.connector.CoyoteAdapter.service(CoyoteAdapter.java:148)
	at org.apache.coyote.http11.Http11Processor.process(Http11Processor.java:869)
	at org.apache.coyote.http11.Http11BaseProtocol$Http11ConnectionHandler.processConnection(Http11BaseProtocol.java:667)
	at org.apache.tomcat.util.net.PoolTcpEndpoint.processSocket(PoolTcpEndpoint.java:527)
	at org.apache.tomcat.util.net.LeaderFollowerWorkerThread.runIt(LeaderFollowerWorkerThread.java:80)
	at org.apache.tomcat.util.threads.ThreadPool$ControlRunnable.run(ThreadPool.java:684)
	at java.lang.Thread.run(Thread.java:695)
Apr 14, 2015 12:41:29 AM org.apache.catalina.core.StandardWrapperValve invoke
SEVERE: Servlet.service() for servlet jsp threw exception
org.apache.jasper.JasperException: Unable to compile class for JSP

An error occurred at line: 15 in the jsp file: /friendList.jsp
Generated servlet error:
ArrayList cannot be resolved to a type


	at org.apache.jasper.compiler.DefaultErrorHandler.javacError(DefaultErrorHandler.java:84)
	at org.apache.jasper.compiler.ErrorDispatcher.javacError(ErrorDispatcher.java:328)
	at org.apache.jasper.compiler.JDTCompiler.generateClass(JDTCompiler.java:409)
	at org.apache.jasper.compiler.Compiler.compile(Compiler.java:297)
	at org.apache.jasper.compiler.Compiler.compile(Compiler.java:276)
	at org.apache.jasper.compiler.Compiler.compile(Compiler.java:264)
	at org.apache.jasper.JspCompilationContext.compile(JspCompilationContext.java:563)
	at org.apache.jasper.servlet.JspServletWrapper.service(JspServletWrapper.java:303)
	at org.apache.jasper.servlet.JspServlet.serviceJspFile(JspServlet.java:314)
	at org.apache.jasper.servlet.JspServlet.service(JspServlet.java:264)
	at javax.servlet.http.HttpServlet.service(HttpServlet.java:802)
	at org.apache.catalina.core.ApplicationFilterChain.internalDoFilter(ApplicationFilterChain.java:252)
	at org.apache.catalina.core.ApplicationFilterChain.doFilter(ApplicationFilterChain.java:173)
	at org.apache.catalina.core.StandardWrapperValve.invoke(StandardWrapperValve.java:213)
	at org.apache.catalina.core.StandardContextValve.invoke(StandardContextValve.java:178)
	at org.apache.catalina.authenticator.AuthenticatorBase.invoke(AuthenticatorBase.java:524)
	at org.apache.catalina.core.StandardHostValve.invoke(StandardHostValve.java:126)
	at org.apache.catalina.valves.ErrorReportValve.invoke(ErrorReportValve.java:105)
	at org.apache.catalina.core.StandardEngineValve.invoke(StandardEngineValve.java:107)
	at org.apache.catalina.connector.CoyoteAdapter.service(CoyoteAdapter.java:148)
	at org.apache.coyote.http11.Http11Processor.process(Http11Processor.java:869)
	at org.apache.coyote.http11.Http11BaseProtocol$Http11ConnectionHandler.processConnection(Http11BaseProtocol.java:667)
	at org.apache.tomcat.util.net.PoolTcpEndpoint.processSocket(PoolTcpEndpoint.java:527)
	at org.apache.tomcat.util.net.LeaderFollowerWorkerThread.runIt(LeaderFollowerWorkerThread.java:80)
	at org.apache.tomcat.util.threads.ThreadPool$ControlRunnable.run(ThreadPool.java:684)
	at java.lang.Thread.run(Thread.java:695)
Apr 14, 2015 12:44:11 AM org.apache.catalina.core.StandardWrapperValve invoke
SEVERE: Servlet.service() for servlet jsp threw exception
org.apache.jasper.JasperException: Unable to compile class for JSP

An error occurred at line: 15 in the jsp file: /friendList.jsp
Generated servlet error:
ArrayList cannot be resolved to a type

An error occurred at line: 15 in the jsp file: /friendList.jsp
Generated servlet error:
ArrayList cannot be resolved to a type


	at org.apache.jasper.compiler.DefaultErrorHandler.javacError(DefaultErrorHandler.java:84)
	at org.apache.jasper.compiler.ErrorDispatcher.javacError(ErrorDispatcher.java:328)
	at org.apache.jasper.compiler.JDTCompiler.generateClass(JDTCompiler.java:409)
	at org.apache.jasper.compiler.Compiler.compile(Compiler.java:297)
	at org.apache.jasper.compiler.Compiler.compile(Compiler.java:276)
	at org.apache.jasper.compiler.Compiler.compile(Compiler.java:264)
	at org.apache.jasper.JspCompilationContext.compile(JspCompilationContext.java:563)
	at org.apache.jasper.servlet.JspServletWrapper.service(JspServletWrapper.java:303)
	at org.apache.jasper.servlet.JspServlet.serviceJspFile(JspServlet.java:314)
	at org.apache.jasper.servlet.JspServlet.service(JspServlet.java:264)
	at javax.servlet.http.HttpServlet.service(HttpServlet.java:802)
	at org.apache.catalina.core.ApplicationFilterChain.internalDoFilter(ApplicationFilterChain.java:252)
	at org.apache.catalina.core.ApplicationFilterChain.doFilter(ApplicationFilterChain.java:173)
	at org.apache.catalina.core.StandardWrapperValve.invoke(StandardWrapperValve.java:213)
	at org.apache.catalina.core.StandardContextValve.invoke(StandardContextValve.java:178)
	at org.apache.catalina.authenticator.AuthenticatorBase.invoke(AuthenticatorBase.java:524)
	at org.apache.catalina.core.StandardHostValve.invoke(StandardHostValve.java:126)
	at org.apache.catalina.valves.ErrorReportValve.invoke(ErrorReportValve.java:105)
	at org.apache.catalina.core.StandardEngineValve.invoke(StandardEngineValve.java:107)
	at org.apache.catalina.connector.CoyoteAdapter.service(CoyoteAdapter.java:148)
	at org.apache.coyote.http11.Http11Processor.process(Http11Processor.java:869)
	at org.apache.coyote.http11.Http11BaseProtocol$Http11ConnectionHandler.processConnection(Http11BaseProtocol.java:667)
	at org.apache.tomcat.util.net.PoolTcpEndpoint.processSocket(PoolTcpEndpoint.java:527)
	at org.apache.tomcat.util.net.LeaderFollowerWorkerThread.runIt(LeaderFollowerWorkerThread.java:80)
	at org.apache.tomcat.util.threads.ThreadPool$ControlRunnable.run(ThreadPool.java:684)
	at java.lang.Thread.run(Thread.java:695)
Apr 14, 2015 12:46:09 AM org.apache.catalina.core.StandardWrapperValve invoke
SEVERE: Servlet.service() for servlet jsp threw exception
org.apache.jasper.JasperException: Unable to compile class for JSP

An error occurred at line: 15 in the jsp file: /friendList.jsp
Generated servlet error:
ArrayList cannot be resolved to a type

An error occurred at line: 15 in the jsp file: /friendList.jsp
Generated servlet error:
Illegal modifier for the variable friend_list; only final is permitted

An error occurred at line: 15 in the jsp file: /friendList.jsp
Generated servlet error:
ArrayList cannot be resolved to a type


	at org.apache.jasper.compiler.DefaultErrorHandler.javacError(DefaultErrorHandler.java:84)
	at org.apache.jasper.compiler.ErrorDispatcher.javacError(ErrorDispatcher.java:328)
	at org.apache.jasper.compiler.JDTCompiler.generateClass(JDTCompiler.java:409)
	at org.apache.jasper.compiler.Compiler.compile(Compiler.java:297)
	at org.apache.jasper.compiler.Compiler.compile(Compiler.java:276)
	at org.apache.jasper.compiler.Compiler.compile(Compiler.java:264)
	at org.apache.jasper.JspCompilationContext.compile(JspCompilationContext.java:563)
	at org.apache.jasper.servlet.JspServletWrapper.service(JspServletWrapper.java:303)
	at org.apache.jasper.servlet.JspServlet.serviceJspFile(JspServlet.java:314)
	at org.apache.jasper.servlet.JspServlet.service(JspServlet.java:264)
	at javax.servlet.http.HttpServlet.service(HttpServlet.java:802)
	at org.apache.catalina.core.ApplicationFilterChain.internalDoFilter(ApplicationFilterChain.java:252)
	at org.apache.catalina.core.ApplicationFilterChain.doFilter(ApplicationFilterChain.java:173)
	at org.apache.catalina.core.StandardWrapperValve.invoke(StandardWrapperValve.java:213)
	at org.apache.catalina.core.StandardContextValve.invoke(StandardContextValve.java:178)
	at org.apache.catalina.authenticator.AuthenticatorBase.invoke(AuthenticatorBase.java:524)
	at org.apache.catalina.core.StandardHostValve.invoke(StandardHostValve.java:126)
	at org.apache.catalina.valves.ErrorReportValve.invoke(ErrorReportValve.java:105)
	at org.apache.catalina.core.StandardEngineValve.invoke(StandardEngineValve.java:107)
	at org.apache.catalina.connector.CoyoteAdapter.service(CoyoteAdapter.java:148)
	at org.apache.coyote.http11.Http11Processor.process(Http11Processor.java:869)
	at org.apache.coyote.http11.Http11BaseProtocol$Http11ConnectionHandler.processConnection(Http11BaseProtocol.java:667)
	at org.apache.tomcat.util.net.PoolTcpEndpoint.processSocket(PoolTcpEndpoint.java:527)
	at org.apache.tomcat.util.net.LeaderFollowerWorkerThread.runIt(LeaderFollowerWorkerThread.java:80)
	at org.apache.tomcat.util.threads.ThreadPool$ControlRunnable.run(ThreadPool.java:684)
	at java.lang.Thread.run(Thread.java:695)
Apr 14, 2015 12:48:39 AM org.apache.catalina.core.StandardWrapperValve invoke
SEVERE: Servlet.service() for servlet jsp threw exception
org.apache.jasper.JasperException: Unable to compile class for JSP

An error occurred at line: 15 in the jsp file: /friendList.jsp
Generated servlet error:
ArrayList cannot be resolved to a type

An error occurred at line: 15 in the jsp file: /friendList.jsp
Generated servlet error:
ArrayList cannot be resolved to a type


	at org.apache.jasper.compiler.DefaultErrorHandler.javacError(DefaultErrorHandler.java:84)
	at org.apache.jasper.compiler.ErrorDispatcher.javacError(ErrorDispatcher.java:328)
	at org.apache.jasper.compiler.JDTCompiler.generateClass(JDTCompiler.java:409)
	at org.apache.jasper.compiler.Compiler.compile(Compiler.java:297)
	at org.apache.jasper.compiler.Compiler.compile(Compiler.java:276)
	at org.apache.jasper.compiler.Compiler.compile(Compiler.java:264)
	at org.apache.jasper.JspCompilationContext.compile(JspCompilationContext.java:563)
	at org.apache.jasper.servlet.JspServletWrapper.service(JspServletWrapper.java:303)
	at org.apache.jasper.servlet.JspServlet.serviceJspFile(JspServlet.java:314)
	at org.apache.jasper.servlet.JspServlet.service(JspServlet.java:264)
	at javax.servlet.http.HttpServlet.service(HttpServlet.java:802)
	at org.apache.catalina.core.ApplicationFilterChain.internalDoFilter(ApplicationFilterChain.java:252)
	at org.apache.catalina.core.ApplicationFilterChain.doFilter(ApplicationFilterChain.java:173)
	at org.apache.catalina.core.StandardWrapperValve.invoke(StandardWrapperValve.java:213)
	at org.apache.catalina.core.StandardContextValve.invoke(StandardContextValve.java:178)
	at org.apache.catalina.authenticator.AuthenticatorBase.invoke(AuthenticatorBase.java:524)
	at org.apache.catalina.core.StandardHostValve.invoke(StandardHostValve.java:126)
	at org.apache.catalina.valves.ErrorReportValve.invoke(ErrorReportValve.java:105)
	at org.apache.catalina.core.StandardEngineValve.invoke(StandardEngineValve.java:107)
	at org.apache.catalina.connector.CoyoteAdapter.service(CoyoteAdapter.java:148)
	at org.apache.coyote.http11.Http11Processor.process(Http11Processor.java:869)
	at org.apache.coyote.http11.Http11BaseProtocol$Http11ConnectionHandler.processConnection(Http11BaseProtocol.java:667)
	at org.apache.tomcat.util.net.PoolTcpEndpoint.processSocket(PoolTcpEndpoint.java:527)
	at org.apache.tomcat.util.net.LeaderFollowerWorkerThread.runIt(LeaderFollowerWorkerThread.java:80)
	at org.apache.tomcat.util.threads.ThreadPool$ControlRunnable.run(ThreadPool.java:684)
	at java.lang.Thread.run(Thread.java:695)
Apr 14, 2015 12:50:40 AM org.apache.catalina.core.StandardWrapperValve invoke
SEVERE: Servlet.service() for servlet jsp threw exception
java.lang.RuntimeException: org.postgresql.util.PSQLException: ERROR: syntax error at or near "EXISTS"
	at photoshare.NewFriendDao.getFriendList(NewFriendDao.java:106)
	at org.apache.jsp.friendList_jsp._jspService(org.apache.jsp.friendList_jsp:72)
	at org.apache.jasper.runtime.HttpJspBase.service(HttpJspBase.java:97)
	at javax.servlet.http.HttpServlet.service(HttpServlet.java:802)
	at org.apache.jasper.servlet.JspServletWrapper.service(JspServletWrapper.java:332)
	at org.apache.jasper.servlet.JspServlet.serviceJspFile(JspServlet.java:314)
	at org.apache.jasper.servlet.JspServlet.service(JspServlet.java:264)
	at javax.servlet.http.HttpServlet.service(HttpServlet.java:802)
	at org.apache.catalina.core.ApplicationFilterChain.internalDoFilter(ApplicationFilterChain.java:252)
	at org.apache.catalina.core.ApplicationFilterChain.doFilter(ApplicationFilterChain.java:173)
	at org.apache.catalina.core.StandardWrapperValve.invoke(StandardWrapperValve.java:213)
	at org.apache.catalina.core.StandardContextValve.invoke(StandardContextValve.java:178)
	at org.apache.catalina.authenticator.AuthenticatorBase.invoke(AuthenticatorBase.java:524)
	at org.apache.catalina.core.StandardHostValve.invoke(StandardHostValve.java:126)
	at org.apache.catalina.valves.ErrorReportValve.invoke(ErrorReportValve.java:105)
	at org.apache.catalina.core.StandardEngineValve.invoke(StandardEngineValve.java:107)
	at org.apache.catalina.connector.CoyoteAdapter.service(CoyoteAdapter.java:148)
	at org.apache.coyote.http11.Http11Processor.process(Http11Processor.java:869)
	at org.apache.coyote.http11.Http11BaseProtocol$Http11ConnectionHandler.processConnection(Http11BaseProtocol.java:667)
	at org.apache.tomcat.util.net.PoolTcpEndpoint.processSocket(PoolTcpEndpoint.java:527)
	at org.apache.tomcat.util.net.LeaderFollowerWorkerThread.runIt(LeaderFollowerWorkerThread.java:80)
	at org.apache.tomcat.util.threads.ThreadPool$ControlRunnable.run(ThreadPool.java:684)
	at java.lang.Thread.run(Thread.java:695)
Caused by: org.postgresql.util.PSQLException: ERROR: syntax error at or near "EXISTS"
	at org.postgresql.core.v3.QueryExecutorImpl.receiveErrorResponse(QueryExecutorImpl.java:1512)
	at org.postgresql.core.v3.QueryExecutorImpl.processResults(QueryExecutorImpl.java:1297)
	at org.postgresql.core.v3.QueryExecutorImpl.execute(QueryExecutorImpl.java:188)
	at org.postgresql.jdbc2.AbstractJdbc2Statement.execute(AbstractJdbc2Statement.java:430)
	at org.postgresql.jdbc2.AbstractJdbc2Statement.executeWithFlags(AbstractJdbc2Statement.java:346)
	at org.postgresql.jdbc2.AbstractJdbc2Statement.executeQuery(AbstractJdbc2Statement.java:250)
	at org.apache.tomcat.dbcp.dbcp.DelegatingPreparedStatement.executeQuery(DelegatingPreparedStatement.java:92)
	at photoshare.NewFriendDao.getFriendList(NewFriendDao.java:87)
	... 22 more
Apr 14, 2015 12:55:51 AM org.apache.catalina.core.StandardWrapperValve invoke
SEVERE: Servlet.service() for servlet jsp threw exception
java.lang.RuntimeException: org.postgresql.util.PSQLException: ERROR: syntax error at or near "EXISTS"
	at photoshare.NewFriendDao.getFriendList(NewFriendDao.java:104)
	at org.apache.jsp.friendList_jsp._jspService(org.apache.jsp.friendList_jsp:70)
	at org.apache.jasper.runtime.HttpJspBase.service(HttpJspBase.java:97)
	at javax.servlet.http.HttpServlet.service(HttpServlet.java:802)
	at org.apache.jasper.servlet.JspServletWrapper.service(JspServletWrapper.java:332)
	at org.apache.jasper.servlet.JspServlet.serviceJspFile(JspServlet.java:314)
	at org.apache.jasper.servlet.JspServlet.service(JspServlet.java:264)
	at javax.servlet.http.HttpServlet.service(HttpServlet.java:802)
	at org.apache.catalina.core.ApplicationFilterChain.internalDoFilter(ApplicationFilterChain.java:252)
	at org.apache.catalina.core.ApplicationFilterChain.doFilter(ApplicationFilterChain.java:173)
	at org.apache.catalina.core.StandardWrapperValve.invoke(StandardWrapperValve.java:213)
	at org.apache.catalina.core.StandardContextValve.invoke(StandardContextValve.java:178)
	at org.apache.catalina.authenticator.AuthenticatorBase.invoke(AuthenticatorBase.java:524)
	at org.apache.catalina.core.StandardHostValve.invoke(StandardHostValve.java:126)
	at org.apache.catalina.valves.ErrorReportValve.invoke(ErrorReportValve.java:105)
	at org.apache.catalina.core.StandardEngineValve.invoke(StandardEngineValve.java:107)
	at org.apache.catalina.connector.CoyoteAdapter.service(CoyoteAdapter.java:148)
	at org.apache.coyote.http11.Http11Processor.process(Http11Processor.java:869)
	at org.apache.coyote.http11.Http11BaseProtocol$Http11ConnectionHandler.processConnection(Http11BaseProtocol.java:667)
	at org.apache.tomcat.util.net.PoolTcpEndpoint.processSocket(PoolTcpEndpoint.java:527)
	at org.apache.tomcat.util.net.LeaderFollowerWorkerThread.runIt(LeaderFollowerWorkerThread.java:80)
	at org.apache.tomcat.util.threads.ThreadPool$ControlRunnable.run(ThreadPool.java:684)
	at java.lang.Thread.run(Thread.java:695)
Caused by: org.postgresql.util.PSQLException: ERROR: syntax error at or near "EXISTS"
	at org.postgresql.core.v3.QueryExecutorImpl.receiveErrorResponse(QueryExecutorImpl.java:1512)
	at org.postgresql.core.v3.QueryExecutorImpl.processResults(QueryExecutorImpl.java:1297)
	at org.postgresql.core.v3.QueryExecutorImpl.execute(QueryExecutorImpl.java:188)
	at org.postgresql.jdbc2.AbstractJdbc2Statement.execute(AbstractJdbc2Statement.java:430)
	at org.postgresql.jdbc2.AbstractJdbc2Statement.executeWithFlags(AbstractJdbc2Statement.java:346)
	at org.postgresql.jdbc2.AbstractJdbc2Statement.executeQuery(AbstractJdbc2Statement.java:250)
	at org.apache.tomcat.dbcp.dbcp.DelegatingPreparedStatement.executeQuery(DelegatingPreparedStatement.java:92)
	at photoshare.NewFriendDao.getFriendList(NewFriendDao.java:87)
	... 22 more
